[2019-04-13 22:47:49.273] [exthost1] [info] extension host started
[2019-04-13 22:47:49.302] [exthost1] [info] ExtensionService#_doActivateExtension vscode.debug-auto-launch {"startup":true,"activationEvent":"*"}
[2019-04-13 22:47:49.302] [exthost1] [info] ExtensionService#loadCommonJSModule c:\Users\06tai\.codemix\engine\resources\app\extensions\debug-auto-launch\out\extension
[2019-04-13 22:47:49.429] [exthost1] [info] ExtensionService#_doActivateExtension vscode.emmet {"startup":true,"activationEvent":"*"}
[2019-04-13 22:47:49.429] [exthost1] [info] ExtensionService#loadCommonJSModule c:\Users\06tai\.codemix\engine\resources\app\extensions\emmet\dist\extension
[2019-04-13 22:47:49.520] [exthost1] [info] ExtensionService#_doActivateExtension vscode.merge-conflict {"startup":true,"activationEvent":"*"}
[2019-04-13 22:47:49.520] [exthost1] [info] ExtensionService#loadCommonJSModule c:\Users\06tai\.codemix\engine\resources\app\extensions\merge-conflict\out\extension
[2019-04-13 22:47:49.669] [exthost1] [info] ExtensionService#_doActivateExtension vscode.search-rg {"startup":true,"activationEvent":"*"}
[2019-04-13 22:47:49.669] [exthost1] [info] ExtensionService#loadCommonJSModule c:\Users\06tai\.codemix\engine\resources\app\extensions\search-rg\out\extension
[2019-04-13 22:47:49.751] [exthost1] [info] ExtensionService#_doActivateExtension christian-kohler.path-intellisense {"startup":true,"activationEvent":"*"}
[2019-04-13 22:47:49.751] [exthost1] [info] ExtensionService#loadCommonJSModule C:\Users\06tai\.codemix\extensions\christian-kohler.path-intellisense-1.4.2\out\src\extension
[2019-04-13 22:47:50.002] [exthost1] [info] ExtensionService#_doActivateExtension dbaeumer.vscode-eslint {"startup":true,"activationEvent":"*"}
[2019-04-13 22:47:50.002] [exthost1] [info] ExtensionService#loadCommonJSModule C:\Users\06tai\.codemix\extensions\dbaeumer.vscode-eslint-1.4.10\client\out\extension
[2019-04-13 22:47:50.664] [exthost1] [info] ExtensionService#_doActivateExtension formulahendry.auto-close-tag {"startup":true,"activationEvent":"*"}
[2019-04-13 22:47:50.664] [exthost1] [info] ExtensionService#loadCommonJSModule C:\Users\06tai\.codemix\extensions\formulahendry.auto-close-tag-0.5.6\out\src\extension
[2019-04-13 22:47:50.673] [exthost1] [info] ExtensionService#_doActivateExtension formulahendry.auto-rename-tag {"startup":true,"activationEvent":"*"}
[2019-04-13 22:47:50.673] [exthost1] [info] ExtensionService#loadCommonJSModule C:\Users\06tai\.codemix\extensions\formulahendry.auto-rename-tag-0.0.15\out\src\extension
[2019-04-13 22:47:50.695] [exthost1] [info] ExtensionService#_doActivateExtension HookyQR.beautify {"startup":true,"activationEvent":"*"}
[2019-04-13 22:47:50.695] [exthost1] [info] ExtensionService#loadCommonJSModule C:\Users\06tai\.codemix\extensions\hookyqr.beautify-1.4.7\extension
[2019-04-13 22:47:51.097] [exthost1] [info] ExtensionService#_doActivateExtension Zignd.html-css-class-completion {"startup":true,"activationEvent":"*"}
[2019-04-13 22:47:51.097] [exthost1] [info] ExtensionService#loadCommonJSModule C:\Users\06tai\.codemix\extensions\zignd.html-css-class-completion-1.17.1\out\src\extension
[2019-04-13 22:47:53.936] [exthost1] [info] eager extensions activated
